[2025-05-28 09:54:07Z INFO HostContext] No proxy settings were found based on environmental variables (http_proxy/https_proxy/HTTP_PROXY/HTTPS_PROXY)
[2025-05-28 09:54:07Z INFO HostContext] Well known directory 'Bin': 'D:\ostad\Mod-2-practice\action-runner\bin'
[2025-05-28 09:54:07Z INFO HostContext] Well known directory 'Root': 'D:\ostad\Mod-2-practice\action-runner'
[2025-05-28 09:54:07Z INFO HostContext] Well known config file 'Credentials': 'D:\ostad\Mod-2-practice\action-runner\.credentials'
[2025-05-28 09:54:07Z INFO HostContext] Well known directory 'Bin': 'D:\ostad\Mod-2-practice\action-runner\bin'
[2025-05-28 09:54:07Z INFO HostContext] Well known directory 'Root': 'D:\ostad\Mod-2-practice\action-runner'
[2025-05-28 09:54:07Z INFO HostContext] Well known config file 'Runner': 'D:\ostad\Mod-2-practice\action-runner\.runner'
[2025-05-28 09:54:07Z INFO Listener] Runner is built for Windows (X64) - win-x64.
[2025-05-28 09:54:07Z INFO Listener] RuntimeInformation: Microsoft Windows 10.0.19045.
[2025-05-28 09:54:07Z INFO Listener] Version: 2.324.0
[2025-05-28 09:54:07Z INFO Listener] Commit: da3412efd49b1cf1a0fbdcbcee4e4ac4cc2177c8
[2025-05-28 09:54:07Z INFO Listener] Culture: en-US
[2025-05-28 09:54:07Z INFO Listener] UI Culture: en-US
[2025-05-28 09:54:07Z INFO HostContext] Well known directory 'Bin': 'D:\ostad\Mod-2-practice\action-runner\bin'
[2025-05-28 09:54:07Z INFO HostContext] Well known directory 'Root': 'D:\ostad\Mod-2-practice\action-runner'
[2025-05-28 09:54:07Z INFO Listener] Validating directory permissions for: 'D:\ostad\Mod-2-practice\action-runner'
[2025-05-28 09:54:07Z INFO CommandLineParser] Parse
[2025-05-28 09:54:07Z INFO CommandLineParser] Parsing 1 args
[2025-05-28 09:54:07Z INFO CommandLineParser] parsing argument
[2025-05-28 09:54:07Z INFO CommandLineParser] HasArgs: False
[2025-05-28 09:54:07Z INFO CommandLineParser] Adding Command: remove
[2025-05-28 09:54:07Z INFO Listener] Arguments parsed
[2025-05-28 09:54:07Z INFO Runner] ExecuteCommand
[2025-05-28 09:54:07Z INFO ConfigurationStore] currentAssemblyLocation: D:\ostad\Mod-2-practice\action-runner\bin\Runner.Listener.dll
[2025-05-28 09:54:07Z INFO HostContext] Well known directory 'Bin': 'D:\ostad\Mod-2-practice\action-runner\bin'
[2025-05-28 09:54:07Z INFO ConfigurationStore] binPath: D:\ostad\Mod-2-practice\action-runner\bin
[2025-05-28 09:54:07Z INFO HostContext] Well known directory 'Bin': 'D:\ostad\Mod-2-practice\action-runner\bin'
[2025-05-28 09:54:07Z INFO HostContext] Well known directory 'Root': 'D:\ostad\Mod-2-practice\action-runner'
[2025-05-28 09:54:07Z INFO ConfigurationStore] RootFolder: D:\ostad\Mod-2-practice\action-runner
[2025-05-28 09:54:07Z INFO HostContext] Well known directory 'Bin': 'D:\ostad\Mod-2-practice\action-runner\bin'
[2025-05-28 09:54:07Z INFO HostContext] Well known directory 'Root': 'D:\ostad\Mod-2-practice\action-runner'
[2025-05-28 09:54:07Z INFO HostContext] Well known config file 'Runner': 'D:\ostad\Mod-2-practice\action-runner\.runner'
[2025-05-28 09:54:07Z INFO ConfigurationStore] ConfigFilePath: D:\ostad\Mod-2-practice\action-runner\.runner
[2025-05-28 09:54:07Z INFO HostContext] Well known directory 'Bin': 'D:\ostad\Mod-2-practice\action-runner\bin'
[2025-05-28 09:54:07Z INFO HostContext] Well known directory 'Root': 'D:\ostad\Mod-2-practice\action-runner'
[2025-05-28 09:54:07Z INFO HostContext] Well known config file 'MigratedRunner': 'D:\ostad\Mod-2-practice\action-runner\.runner_migrated'
[2025-05-28 09:54:07Z INFO ConfigurationStore] MigratedConfigFilePath: D:\ostad\Mod-2-practice\action-runner\.runner_migrated
[2025-05-28 09:54:07Z INFO HostContext] Well known directory 'Bin': 'D:\ostad\Mod-2-practice\action-runner\bin'
[2025-05-28 09:54:07Z INFO HostContext] Well known directory 'Root': 'D:\ostad\Mod-2-practice\action-runner'
[2025-05-28 09:54:07Z INFO HostContext] Well known config file 'Credentials': 'D:\ostad\Mod-2-practice\action-runner\.credentials'
[2025-05-28 09:54:07Z INFO ConfigurationStore] CredFilePath: D:\ostad\Mod-2-practice\action-runner\.credentials
[2025-05-28 09:54:07Z INFO HostContext] Well known directory 'Bin': 'D:\ostad\Mod-2-practice\action-runner\bin'
[2025-05-28 09:54:07Z INFO HostContext] Well known directory 'Root': 'D:\ostad\Mod-2-practice\action-runner'
[2025-05-28 09:54:07Z INFO HostContext] Well known config file 'MigratedCredentials': 'D:\ostad\Mod-2-practice\action-runner\.credentials_migrated'
[2025-05-28 09:54:07Z INFO ConfigurationStore] MigratedCredFilePath: D:\ostad\Mod-2-practice\action-runner\.credentials_migrated
[2025-05-28 09:54:07Z INFO HostContext] Well known directory 'Bin': 'D:\ostad\Mod-2-practice\action-runner\bin'
[2025-05-28 09:54:07Z INFO HostContext] Well known directory 'Root': 'D:\ostad\Mod-2-practice\action-runner'
[2025-05-28 09:54:07Z INFO HostContext] Well known config file 'Service': 'D:\ostad\Mod-2-practice\action-runner\.service'
[2025-05-28 09:54:07Z INFO ConfigurationStore] ServiceConfigFilePath: D:\ostad\Mod-2-practice\action-runner\.service
[2025-05-28 09:54:07Z INFO CommandSettings] Flag 'help': 'False'
[2025-05-28 09:54:07Z INFO CommandSettings] Flag 'version': 'False'
[2025-05-28 09:54:07Z INFO CommandSettings] Flag 'commit': 'False'
[2025-05-28 09:54:07Z INFO CommandSettings] Flag 'check': 'False'
[2025-05-28 09:54:07Z INFO CommandSettings] Command 'configure': 'False'
[2025-05-28 09:54:07Z INFO CommandSettings] Command 'remove': 'True'
[2025-05-28 09:54:07Z INFO CommandSettings] Flag 'local': 'False'
[2025-05-28 09:54:07Z INFO ConfigurationStore] IsServiceConfigured()
[2025-05-28 09:54:07Z INFO ConfigurationStore] IsServiceConfigured: False
[2025-05-28 09:54:07Z INFO ConfigurationStore] IsConfigured()
[2025-05-28 09:54:07Z INFO ConfigurationStore] IsConfigured: True
[2025-05-28 09:54:07Z INFO ConfigurationStore] HasCredentials()
[2025-05-28 09:54:07Z INFO ConfigurationStore] stored True
[2025-05-28 09:54:07Z INFO ConfigurationStore] Read setting file: 316 chars
[2025-05-28 09:54:07Z INFO CommandSettings] Arg 'token': ''
[2025-05-28 09:54:07Z INFO CommandSettings] Flag 'unattended': 'False'
[2025-05-28 09:54:07Z INFO PromptManager] ReadValue
[2025-05-28 09:54:07Z INFO Terminal] WRITE: Enter runner remove token: 
[2025-05-28 09:54:07Z INFO Terminal] READ SECRET
[2025-05-28 09:54:15Z INFO Terminal] Read value: ''
[2025-05-28 09:54:15Z INFO Terminal] WRITE: Enter runner remove token: 
[2025-05-28 09:54:15Z INFO Terminal] READ SECRET
[2025-05-28 09:54:32Z INFO Terminal] Read value: '***'
[2025-05-28 09:54:33Z INFO ConfigurationManager] Http response code: OK from 'POST https://api.github.com/actions/runner-registration' (D464:2297C9:7F5829:960906:6836DD59)
[2025-05-28 09:54:33Z INFO ConfigurationManager] cred retrieved via GitHub auth
[2025-05-28 09:54:33Z INFO RunnerServer] EstablishVssConnection
[2025-05-28 09:54:33Z INFO RunnerServer] Establish connection with 100 seconds timeout.
[2025-05-28 09:54:33Z INFO GitHubActionsService] Starting operation Location.GetConnectionData
[2025-05-28 09:54:33Z INFO RunnerServer] EstablishVssConnection
[2025-05-28 09:54:33Z INFO RunnerServer] Establish connection with 60 seconds timeout.
[2025-05-28 09:54:33Z INFO GitHubActionsService] Starting operation Location.GetConnectionData
[2025-05-28 09:54:33Z INFO RunnerServer] EstablishVssConnection
[2025-05-28 09:54:33Z INFO RunnerServer] Establish connection with 60 seconds timeout.
[2025-05-28 09:54:33Z INFO GitHubActionsService] Starting operation Location.GetConnectionData
[2025-05-28 09:54:34Z INFO GitHubActionsService] Finished operation Location.GetConnectionData
[2025-05-28 09:54:34Z INFO GitHubActionsService] Finished operation Location.GetConnectionData
[2025-05-28 09:54:34Z INFO GitHubActionsService] Finished operation Location.GetConnectionData
[2025-05-28 09:54:35Z INFO Terminal] WRITE LINE: 
[2025-05-28 09:54:35Z INFO ConfigurationStore] IsConfigured()
[2025-05-28 09:54:35Z INFO ConfigurationStore] IsConfigured: True
[2025-05-28 09:54:35Z INFO ConfigurationStore] HasCredentials()
[2025-05-28 09:54:35Z INFO ConfigurationStore] stored True
[2025-05-28 09:54:35Z INFO HostContext] Well known directory 'Bin': 'D:\ostad\Mod-2-practice\action-runner\bin'
[2025-05-28 09:54:35Z INFO HostContext] Well known directory 'Root': 'D:\ostad\Mod-2-practice\action-runner'
[2025-05-28 09:54:35Z INFO HostContext] Well known config file 'RSACredentials': 'D:\ostad\Mod-2-practice\action-runner\.credentials_rsaparams'
[2025-05-28 09:54:35Z INFO RSAEncryptedFileKeyManager] Deleting RSA key parameters file D:\ostad\Mod-2-practice\action-runner\.credentials_rsaparams
[2025-05-28 09:54:35Z INFO Terminal] WRITE LINE: 
[2025-05-28 09:54:35Z INFO Listener] Runner execution has finished with return code 0
