[2025-05-28 09:55:48Z INFO HostContext] No proxy settings were found based on environmental variables (http_proxy/https_proxy/HTTP_PROXY/HTTPS_PROXY)
[2025-05-28 09:55:48Z INFO HostContext] Well known directory 'Bin': 'D:\ostad\Mod-2-practice\action-runner\bin'
[2025-05-28 09:55:48Z INFO HostContext] Well known directory 'Root': 'D:\ostad\Mod-2-practice\action-runner'
[2025-05-28 09:55:48Z INFO HostContext] Well known config file 'Credentials': 'D:\ostad\Mod-2-practice\action-runner\.credentials'
[2025-05-28 09:55:48Z INFO HostContext] Well known directory 'Bin': 'D:\ostad\Mod-2-practice\action-runner\bin'
[2025-05-28 09:55:48Z INFO HostContext] Well known directory 'Root': 'D:\ostad\Mod-2-practice\action-runner'
[2025-05-28 09:55:48Z INFO HostContext] Well known config file 'Runner': 'D:\ostad\Mod-2-practice\action-runner\.runner'
[2025-05-28 09:55:48Z INFO Listener] Runner is built for Windows (X64) - win-x64.
[2025-05-28 09:55:48Z INFO Listener] RuntimeInformation: Microsoft Windows 10.0.19045.
[2025-05-28 09:55:48Z INFO Listener] Version: 2.324.0
[2025-05-28 09:55:48Z INFO Listener] Commit: da3412efd49b1cf1a0fbdcbcee4e4ac4cc2177c8
[2025-05-28 09:55:48Z INFO Listener] Culture: en-US
[2025-05-28 09:55:48Z INFO Listener] UI Culture: en-US
[2025-05-28 09:55:48Z INFO HostContext] Well known directory 'Bin': 'D:\ostad\Mod-2-practice\action-runner\bin'
[2025-05-28 09:55:48Z INFO HostContext] Well known directory 'Root': 'D:\ostad\Mod-2-practice\action-runner'
[2025-05-28 09:55:48Z INFO Listener] Validating directory permissions for: 'D:\ostad\Mod-2-practice\action-runner'
[2025-05-28 09:55:48Z INFO CommandLineParser] Parse
[2025-05-28 09:55:48Z INFO CommandLineParser] Parsing 1 args
[2025-05-28 09:55:48Z INFO CommandLineParser] parsing argument
[2025-05-28 09:55:48Z INFO CommandLineParser] HasArgs: False
[2025-05-28 09:55:48Z INFO CommandLineParser] Adding Command: run
[2025-05-28 09:55:48Z INFO Listener] Arguments parsed
[2025-05-28 09:55:48Z INFO Runner] ExecuteCommand
[2025-05-28 09:55:48Z INFO ConfigurationStore] currentAssemblyLocation: D:\ostad\Mod-2-practice\action-runner\bin\Runner.Listener.dll
[2025-05-28 09:55:48Z INFO HostContext] Well known directory 'Bin': 'D:\ostad\Mod-2-practice\action-runner\bin'
[2025-05-28 09:55:48Z INFO ConfigurationStore] binPath: D:\ostad\Mod-2-practice\action-runner\bin
[2025-05-28 09:55:48Z INFO HostContext] Well known directory 'Bin': 'D:\ostad\Mod-2-practice\action-runner\bin'
[2025-05-28 09:55:48Z INFO HostContext] Well known directory 'Root': 'D:\ostad\Mod-2-practice\action-runner'
[2025-05-28 09:55:48Z INFO ConfigurationStore] RootFolder: D:\ostad\Mod-2-practice\action-runner
[2025-05-28 09:55:48Z INFO HostContext] Well known directory 'Bin': 'D:\ostad\Mod-2-practice\action-runner\bin'
[2025-05-28 09:55:48Z INFO HostContext] Well known directory 'Root': 'D:\ostad\Mod-2-practice\action-runner'
[2025-05-28 09:55:48Z INFO HostContext] Well known config file 'Runner': 'D:\ostad\Mod-2-practice\action-runner\.runner'
[2025-05-28 09:55:48Z INFO ConfigurationStore] ConfigFilePath: D:\ostad\Mod-2-practice\action-runner\.runner
[2025-05-28 09:55:48Z INFO HostContext] Well known directory 'Bin': 'D:\ostad\Mod-2-practice\action-runner\bin'
[2025-05-28 09:55:48Z INFO HostContext] Well known directory 'Root': 'D:\ostad\Mod-2-practice\action-runner'
[2025-05-28 09:55:48Z INFO HostContext] Well known config file 'MigratedRunner': 'D:\ostad\Mod-2-practice\action-runner\.runner_migrated'
[2025-05-28 09:55:48Z INFO ConfigurationStore] MigratedConfigFilePath: D:\ostad\Mod-2-practice\action-runner\.runner_migrated
[2025-05-28 09:55:48Z INFO HostContext] Well known directory 'Bin': 'D:\ostad\Mod-2-practice\action-runner\bin'
[2025-05-28 09:55:48Z INFO HostContext] Well known directory 'Root': 'D:\ostad\Mod-2-practice\action-runner'
[2025-05-28 09:55:48Z INFO HostContext] Well known config file 'Credentials': 'D:\ostad\Mod-2-practice\action-runner\.credentials'
[2025-05-28 09:55:48Z INFO ConfigurationStore] CredFilePath: D:\ostad\Mod-2-practice\action-runner\.credentials
[2025-05-28 09:55:48Z INFO HostContext] Well known directory 'Bin': 'D:\ostad\Mod-2-practice\action-runner\bin'
[2025-05-28 09:55:48Z INFO HostContext] Well known directory 'Root': 'D:\ostad\Mod-2-practice\action-runner'
[2025-05-28 09:55:48Z INFO HostContext] Well known config file 'MigratedCredentials': 'D:\ostad\Mod-2-practice\action-runner\.credentials_migrated'
[2025-05-28 09:55:48Z INFO ConfigurationStore] MigratedCredFilePath: D:\ostad\Mod-2-practice\action-runner\.credentials_migrated
[2025-05-28 09:55:48Z INFO HostContext] Well known directory 'Bin': 'D:\ostad\Mod-2-practice\action-runner\bin'
[2025-05-28 09:55:48Z INFO HostContext] Well known directory 'Root': 'D:\ostad\Mod-2-practice\action-runner'
[2025-05-28 09:55:48Z INFO HostContext] Well known config file 'Service': 'D:\ostad\Mod-2-practice\action-runner\.service'
[2025-05-28 09:55:48Z INFO ConfigurationStore] ServiceConfigFilePath: D:\ostad\Mod-2-practice\action-runner\.service
[2025-05-28 09:55:48Z INFO CommandSettings] Flag 'help': 'False'
[2025-05-28 09:55:48Z INFO CommandSettings] Flag 'version': 'False'
[2025-05-28 09:55:48Z INFO CommandSettings] Flag 'commit': 'False'
[2025-05-28 09:55:48Z INFO CommandSettings] Flag 'check': 'False'
[2025-05-28 09:55:48Z INFO CommandSettings] Command 'configure': 'False'
[2025-05-28 09:55:48Z INFO CommandSettings] Command 'remove': 'False'
[2025-05-28 09:55:48Z INFO CommandSettings] Command 'warmup': 'False'
[2025-05-28 09:55:48Z INFO ConfigurationManager] LoadSettings
[2025-05-28 09:55:48Z INFO ConfigurationStore] IsConfigured()
[2025-05-28 09:55:48Z INFO ConfigurationStore] IsConfigured: True
[2025-05-28 09:55:48Z INFO ConfigurationManager] Is configured: True
[2025-05-28 09:55:48Z INFO ConfigurationStore] Read setting file: 316 chars
[2025-05-28 09:55:48Z INFO ConfigurationManager] Settings Loaded
[2025-05-28 09:55:48Z INFO ConfigurationStore] IsServiceConfigured()
[2025-05-28 09:55:48Z INFO ConfigurationStore] IsServiceConfigured: False
[2025-05-28 09:55:48Z INFO CommandSettings] Command 'run': 'True'
[2025-05-28 09:55:48Z INFO ConfigurationStore] IsConfigured()
[2025-05-28 09:55:48Z INFO ConfigurationStore] IsConfigured: True
[2025-05-28 09:55:48Z INFO ConfigurationManager] Is configured: True
[2025-05-28 09:55:48Z INFO Runner] Could not parse the argument value '' for StartupType. Defaulting to Manual
[2025-05-28 09:55:48Z INFO Runner] Set runner startup type - Manual
[2025-05-28 09:55:48Z INFO CommandSettings] Flag 'once': 'False'
[2025-05-28 09:55:48Z INFO CommandSettings] Flag 'once': 'False'
[2025-05-28 09:55:48Z INFO Runner] RunAsync
[2025-05-28 09:55:48Z INFO ConfigurationManager] LoadMigratedSettings
[2025-05-28 09:55:48Z INFO ConfigurationStore] IsMigratedConfigured()
[2025-05-28 09:55:48Z INFO ConfigurationStore] IsMigratedConfigured: False
[2025-05-28 09:55:48Z INFO Runner] Failed to load migrated settings: No migrated configuration found.
[2025-05-28 09:55:48Z INFO Runner] Falling back to original .runner settings
[2025-05-28 09:55:48Z INFO ConfigurationManager] LoadSettings
[2025-05-28 09:55:48Z INFO ConfigurationStore] IsConfigured()
[2025-05-28 09:55:48Z INFO ConfigurationStore] IsConfigured: True
[2025-05-28 09:55:48Z INFO ConfigurationManager] Is configured: True
[2025-05-28 09:55:48Z INFO ConfigurationManager] Settings Loaded
[2025-05-28 09:55:48Z INFO MessageListener] {
  "AgentId": 3,
  "AgentName": "mod2-runner",
  "PoolId": 1,
  "PoolName": "Default",
  "ServerUrl": "https://pipelinesghubeus12.actions.githubusercontent.com/NdInzrDfEVjoThypXGsundHr66eaAWjULIzS6dV5C8i534HUmL/",
  "GitHubUrl": "https://github.com/Eishfaq/Mod2-practice",
  "WorkFolder": "Mod-2-practice"
}
[2025-05-28 09:55:48Z INFO MessageListener] Loading Credentials
[2025-05-28 09:55:48Z INFO ConfigurationStore] HasCredentials()
[2025-05-28 09:55:48Z INFO ConfigurationStore] stored True
[2025-05-28 09:55:48Z INFO CredentialManager] GetCredentialProvider
[2025-05-28 09:55:48Z INFO CredentialManager] Creating type OAuth
[2025-05-28 09:55:48Z INFO CredentialManager] Creating credential type: OAuth
[2025-05-28 09:55:48Z INFO HostContext] Well known directory 'Bin': 'D:\ostad\Mod-2-practice\action-runner\bin'
[2025-05-28 09:55:48Z INFO HostContext] Well known directory 'Root': 'D:\ostad\Mod-2-practice\action-runner'
[2025-05-28 09:55:48Z INFO HostContext] Well known config file 'RSACredentials': 'D:\ostad\Mod-2-practice\action-runner\.credentials_rsaparams'
[2025-05-28 09:55:48Z INFO RSAEncryptedFileKeyManager] Loading RSA key parameters from file D:\ostad\Mod-2-practice\action-runner\.credentials_rsaparams
[2025-05-28 09:55:48Z INFO MessageListener] Attempt to create session.
[2025-05-28 09:55:48Z INFO MessageListener] Connecting to the Runner Server...
[2025-05-28 09:55:48Z INFO RunnerServer] EstablishVssConnection
[2025-05-28 09:55:48Z INFO RunnerServer] Establish connection with 100 seconds timeout.
[2025-05-28 09:55:48Z INFO GitHubActionsService] Starting operation Location.GetConnectionData
[2025-05-28 09:55:48Z INFO RunnerServer] EstablishVssConnection
[2025-05-28 09:55:48Z INFO RunnerServer] Establish connection with 60 seconds timeout.
[2025-05-28 09:55:48Z INFO GitHubActionsService] Starting operation Location.GetConnectionData
[2025-05-28 09:55:48Z INFO RunnerServer] EstablishVssConnection
[2025-05-28 09:55:48Z INFO RunnerServer] Establish connection with 60 seconds timeout.
[2025-05-28 09:55:48Z INFO GitHubActionsService] Starting operation Location.GetConnectionData
[2025-05-28 09:55:49Z INFO GitHubActionsService] Finished operation Location.GetConnectionData
[2025-05-28 09:55:49Z INFO GitHubActionsService] Finished operation Location.GetConnectionData
[2025-05-28 09:55:49Z INFO GitHubActionsService] Finished operation Location.GetConnectionData
[2025-05-28 09:55:49Z INFO MessageListener] VssConnection created
[2025-05-28 09:55:49Z INFO Terminal] WRITE LINE: 
[2025-05-28 09:55:49Z INFO Terminal] WRITE LINE: 
[2025-05-28 09:55:50Z INFO RSAEncryptedFileKeyManager] Loading RSA key parameters from file D:\ostad\Mod-2-practice\action-runner\.credentials_rsaparams
[2025-05-28 09:55:50Z INFO RSAEncryptedFileKeyManager] Loading RSA key parameters from file D:\ostad\Mod-2-practice\action-runner\.credentials_rsaparams
[2025-05-28 09:55:51Z INFO GitHubActionsService] AAD Correlation ID for this token request: Unknown
[2025-05-28 09:55:51Z INFO MessageListener] Session created.
[2025-05-28 09:55:51Z INFO MessageListener] Registering AuthMigrationChanged event handler.
[2025-05-28 09:55:51Z INFO Terminal] WRITE LINE: Current runner version: '2.324.0'
[2025-05-28 09:55:51Z INFO Terminal] WRITE LINE: 2025-05-28 09:55:51Z: Listening for Jobs
[2025-05-28 09:55:51Z INFO JobDispatcher] Set runner/worker IPC timeout to 30 seconds.
[2025-05-28 09:55:51Z INFO ConfigurationStore] HasCredentials()
[2025-05-28 09:55:51Z INFO ConfigurationStore] stored True
[2025-05-28 09:55:51Z INFO CredentialManager] GetCredentialProvider
[2025-05-28 09:55:51Z INFO CredentialManager] Creating type OAuth
[2025-05-28 09:55:51Z INFO CredentialManager] Creating credential type: OAuth
[2025-05-28 09:55:51Z INFO RSAEncryptedFileKeyManager] Loading RSA key parameters from file D:\ostad\Mod-2-practice\action-runner\.credentials_rsaparams
[2025-05-28 09:55:51Z INFO RSAEncryptedFileKeyManager] Loading RSA key parameters from file D:\ostad\Mod-2-practice\action-runner\.credentials_rsaparams
[2025-05-28 09:55:51Z INFO RSAEncryptedFileKeyManager] Loading RSA key parameters from file D:\ostad\Mod-2-practice\action-runner\.credentials_rsaparams
[2025-05-28 09:55:52Z INFO GitHubActionsService] AAD Correlation ID for this token request: Unknown
[2025-05-28 09:56:44Z INFO ConfigurationStore] HasCredentials()
[2025-05-28 09:56:44Z INFO ConfigurationStore] stored True
[2025-05-28 09:56:44Z INFO CredentialManager] GetCredentialProvider
[2025-05-28 09:56:44Z INFO CredentialManager] Creating type OAuth
[2025-05-28 09:56:44Z INFO CredentialManager] Creating credential type: OAuth
[2025-05-28 09:56:44Z INFO RSAEncryptedFileKeyManager] Loading RSA key parameters from file D:\ostad\Mod-2-practice\action-runner\.credentials_rsaparams
[2025-05-28 09:57:34Z INFO ConfigurationStore] HasCredentials()
[2025-05-28 09:57:34Z INFO ConfigurationStore] stored True
[2025-05-28 09:57:34Z INFO CredentialManager] GetCredentialProvider
[2025-05-28 09:57:34Z INFO CredentialManager] Creating type OAuth
[2025-05-28 09:57:34Z INFO CredentialManager] Creating credential type: OAuth
[2025-05-28 09:57:34Z INFO RSAEncryptedFileKeyManager] Loading RSA key parameters from file D:\ostad\Mod-2-practice\action-runner\.credentials_rsaparams
[2025-05-28 09:58:25Z INFO ConfigurationStore] HasCredentials()
[2025-05-28 09:58:25Z INFO ConfigurationStore] stored True
[2025-05-28 09:58:25Z INFO CredentialManager] GetCredentialProvider
[2025-05-28 09:58:25Z INFO CredentialManager] Creating type OAuth
[2025-05-28 09:58:25Z INFO CredentialManager] Creating credential type: OAuth
[2025-05-28 09:58:25Z INFO RSAEncryptedFileKeyManager] Loading RSA key parameters from file D:\ostad\Mod-2-practice\action-runner\.credentials_rsaparams
[2025-05-28 09:59:15Z INFO ConfigurationStore] HasCredentials()
[2025-05-28 09:59:15Z INFO ConfigurationStore] stored True
[2025-05-28 09:59:15Z INFO CredentialManager] GetCredentialProvider
[2025-05-28 09:59:15Z INFO CredentialManager] Creating type OAuth
[2025-05-28 09:59:15Z INFO CredentialManager] Creating credential type: OAuth
[2025-05-28 09:59:15Z INFO RSAEncryptedFileKeyManager] Loading RSA key parameters from file D:\ostad\Mod-2-practice\action-runner\.credentials_rsaparams
[2025-05-28 10:00:06Z INFO ConfigurationStore] HasCredentials()
[2025-05-28 10:00:06Z INFO ConfigurationStore] stored True
[2025-05-28 10:00:06Z INFO CredentialManager] GetCredentialProvider
[2025-05-28 10:00:06Z INFO CredentialManager] Creating type OAuth
[2025-05-28 10:00:06Z INFO CredentialManager] Creating credential type: OAuth
[2025-05-28 10:00:06Z INFO RSAEncryptedFileKeyManager] Loading RSA key parameters from file D:\ostad\Mod-2-practice\action-runner\.credentials_rsaparams
[2025-05-28 10:00:57Z INFO ConfigurationStore] HasCredentials()
[2025-05-28 10:00:57Z INFO ConfigurationStore] stored True
[2025-05-28 10:00:57Z INFO CredentialManager] GetCredentialProvider
[2025-05-28 10:00:57Z INFO CredentialManager] Creating type OAuth
[2025-05-28 10:00:57Z INFO CredentialManager] Creating credential type: OAuth
[2025-05-28 10:00:57Z INFO RSAEncryptedFileKeyManager] Loading RSA key parameters from file D:\ostad\Mod-2-practice\action-runner\.credentials_rsaparams
[2025-05-28 10:01:47Z INFO ConfigurationStore] HasCredentials()
[2025-05-28 10:01:47Z INFO ConfigurationStore] stored True
[2025-05-28 10:01:47Z INFO CredentialManager] GetCredentialProvider
[2025-05-28 10:01:47Z INFO CredentialManager] Creating type OAuth
[2025-05-28 10:01:47Z INFO CredentialManager] Creating credential type: OAuth
[2025-05-28 10:01:47Z INFO RSAEncryptedFileKeyManager] Loading RSA key parameters from file D:\ostad\Mod-2-practice\action-runner\.credentials_rsaparams
[2025-05-28 10:02:39Z INFO ConfigurationStore] HasCredentials()
[2025-05-28 10:02:39Z INFO ConfigurationStore] stored True
[2025-05-28 10:02:39Z INFO CredentialManager] GetCredentialProvider
[2025-05-28 10:02:39Z INFO CredentialManager] Creating type OAuth
[2025-05-28 10:02:39Z INFO CredentialManager] Creating credential type: OAuth
[2025-05-28 10:02:39Z INFO RSAEncryptedFileKeyManager] Loading RSA key parameters from file D:\ostad\Mod-2-practice\action-runner\.credentials_rsaparams
[2025-05-28 10:03:30Z INFO ConfigurationStore] HasCredentials()
[2025-05-28 10:03:30Z INFO ConfigurationStore] stored True
[2025-05-28 10:03:30Z INFO CredentialManager] GetCredentialProvider
[2025-05-28 10:03:30Z INFO CredentialManager] Creating type OAuth
[2025-05-28 10:03:30Z INFO CredentialManager] Creating credential type: OAuth
[2025-05-28 10:03:30Z INFO RSAEncryptedFileKeyManager] Loading RSA key parameters from file D:\ostad\Mod-2-practice\action-runner\.credentials_rsaparams
[2025-05-28 10:04:20Z INFO ConfigurationStore] HasCredentials()
[2025-05-28 10:04:20Z INFO ConfigurationStore] stored True
[2025-05-28 10:04:20Z INFO CredentialManager] GetCredentialProvider
[2025-05-28 10:04:20Z INFO CredentialManager] Creating type OAuth
[2025-05-28 10:04:20Z INFO CredentialManager] Creating credential type: OAuth
[2025-05-28 10:04:20Z INFO RSAEncryptedFileKeyManager] Loading RSA key parameters from file D:\ostad\Mod-2-practice\action-runner\.credentials_rsaparams
[2025-05-28 10:05:11Z INFO ConfigurationStore] HasCredentials()
[2025-05-28 10:05:11Z INFO ConfigurationStore] stored True
[2025-05-28 10:05:11Z INFO CredentialManager] GetCredentialProvider
[2025-05-28 10:05:11Z INFO CredentialManager] Creating type OAuth
[2025-05-28 10:05:11Z INFO CredentialManager] Creating credential type: OAuth
[2025-05-28 10:05:11Z INFO RSAEncryptedFileKeyManager] Loading RSA key parameters from file D:\ostad\Mod-2-practice\action-runner\.credentials_rsaparams
[2025-05-28 10:06:01Z INFO ConfigurationStore] HasCredentials()
[2025-05-28 10:06:01Z INFO ConfigurationStore] stored True
[2025-05-28 10:06:01Z INFO CredentialManager] GetCredentialProvider
[2025-05-28 10:06:01Z INFO CredentialManager] Creating type OAuth
[2025-05-28 10:06:01Z INFO CredentialManager] Creating credential type: OAuth
[2025-05-28 10:06:01Z INFO RSAEncryptedFileKeyManager] Loading RSA key parameters from file D:\ostad\Mod-2-practice\action-runner\.credentials_rsaparams
[2025-05-28 10:06:52Z INFO ConfigurationStore] HasCredentials()
[2025-05-28 10:06:52Z INFO ConfigurationStore] stored True
[2025-05-28 10:06:52Z INFO CredentialManager] GetCredentialProvider
[2025-05-28 10:06:52Z INFO CredentialManager] Creating type OAuth
[2025-05-28 10:06:52Z INFO CredentialManager] Creating credential type: OAuth
[2025-05-28 10:06:52Z INFO RSAEncryptedFileKeyManager] Loading RSA key parameters from file D:\ostad\Mod-2-practice\action-runner\.credentials_rsaparams
[2025-05-28 10:07:43Z INFO ConfigurationStore] HasCredentials()
[2025-05-28 10:07:43Z INFO ConfigurationStore] stored True
[2025-05-28 10:07:43Z INFO CredentialManager] GetCredentialProvider
[2025-05-28 10:07:43Z INFO CredentialManager] Creating type OAuth
[2025-05-28 10:07:43Z INFO CredentialManager] Creating credential type: OAuth
[2025-05-28 10:07:43Z INFO RSAEncryptedFileKeyManager] Loading RSA key parameters from file D:\ostad\Mod-2-practice\action-runner\.credentials_rsaparams
[2025-05-28 10:08:33Z INFO ConfigurationStore] HasCredentials()
[2025-05-28 10:08:33Z INFO ConfigurationStore] stored True
[2025-05-28 10:08:33Z INFO CredentialManager] GetCredentialProvider
[2025-05-28 10:08:33Z INFO CredentialManager] Creating type OAuth
[2025-05-28 10:08:33Z INFO CredentialManager] Creating credential type: OAuth
[2025-05-28 10:08:33Z INFO RSAEncryptedFileKeyManager] Loading RSA key parameters from file D:\ostad\Mod-2-practice\action-runner\.credentials_rsaparams
[2025-05-28 10:09:24Z INFO ConfigurationStore] HasCredentials()
[2025-05-28 10:09:24Z INFO ConfigurationStore] stored True
[2025-05-28 10:09:24Z INFO CredentialManager] GetCredentialProvider
[2025-05-28 10:09:24Z INFO CredentialManager] Creating type OAuth
[2025-05-28 10:09:24Z INFO CredentialManager] Creating credential type: OAuth
[2025-05-28 10:09:24Z INFO RSAEncryptedFileKeyManager] Loading RSA key parameters from file D:\ostad\Mod-2-practice\action-runner\.credentials_rsaparams
[2025-05-28 10:10:15Z INFO ConfigurationStore] HasCredentials()
[2025-05-28 10:10:15Z INFO ConfigurationStore] stored True
[2025-05-28 10:10:15Z INFO CredentialManager] GetCredentialProvider
[2025-05-28 10:10:15Z INFO CredentialManager] Creating type OAuth
[2025-05-28 10:10:15Z INFO CredentialManager] Creating credential type: OAuth
[2025-05-28 10:10:15Z INFO RSAEncryptedFileKeyManager] Loading RSA key parameters from file D:\ostad\Mod-2-practice\action-runner\.credentials_rsaparams
