[2025-05-28 10:13:37Z INFO HostContext] No proxy settings were found based on environmental variables (http_proxy/https_proxy/HTTP_PROXY/HTTPS_PROXY)
[2025-05-28 10:13:37Z INFO HostContext] Well known directory 'Bin': 'D:\ostad\Mod-2-practice\action-runner\bin'
[2025-05-28 10:13:37Z INFO HostContext] Well known directory 'Root': 'D:\ostad\Mod-2-practice\action-runner'
[2025-05-28 10:13:37Z INFO HostContext] Well known config file 'Credentials': 'D:\ostad\Mod-2-practice\action-runner\.credentials'
[2025-05-28 10:13:37Z INFO HostContext] Well known directory 'Bin': 'D:\ostad\Mod-2-practice\action-runner\bin'
[2025-05-28 10:13:37Z INFO HostContext] Well known directory 'Root': 'D:\ostad\Mod-2-practice\action-runner'
[2025-05-28 10:13:37Z INFO HostContext] Well known config file 'Runner': 'D:\ostad\Mod-2-practice\action-runner\.runner'
[2025-05-28 10:13:37Z INFO Listener] Runner is built for Windows (X64) - win-x64.
[2025-05-28 10:13:37Z INFO Listener] RuntimeInformation: Microsoft Windows 10.0.19045.
[2025-05-28 10:13:37Z INFO Listener] Version: 2.324.0
[2025-05-28 10:13:37Z INFO Listener] Commit: da3412efd49b1cf1a0fbdcbcee4e4ac4cc2177c8
[2025-05-28 10:13:37Z INFO Listener] Culture: en-US
[2025-05-28 10:13:37Z INFO Listener] UI Culture: en-US
[2025-05-28 10:13:37Z INFO HostContext] Well known directory 'Bin': 'D:\ostad\Mod-2-practice\action-runner\bin'
[2025-05-28 10:13:37Z INFO HostContext] Well known directory 'Root': 'D:\ostad\Mod-2-practice\action-runner'
[2025-05-28 10:13:37Z INFO Listener] Validating directory permissions for: 'D:\ostad\Mod-2-practice\action-runner'
[2025-05-28 10:13:37Z INFO CommandLineParser] Parse
[2025-05-28 10:13:37Z INFO CommandLineParser] Parsing 1 args
[2025-05-28 10:13:37Z INFO CommandLineParser] parsing argument
[2025-05-28 10:13:37Z INFO CommandLineParser] HasArgs: False
[2025-05-28 10:13:37Z INFO CommandLineParser] Adding Command: run
[2025-05-28 10:13:37Z INFO Listener] Arguments parsed
[2025-05-28 10:13:37Z INFO Runner] ExecuteCommand
[2025-05-28 10:13:37Z INFO ConfigurationStore] currentAssemblyLocation: D:\ostad\Mod-2-practice\action-runner\bin\Runner.Listener.dll
[2025-05-28 10:13:37Z INFO HostContext] Well known directory 'Bin': 'D:\ostad\Mod-2-practice\action-runner\bin'
[2025-05-28 10:13:37Z INFO ConfigurationStore] binPath: D:\ostad\Mod-2-practice\action-runner\bin
[2025-05-28 10:13:37Z INFO HostContext] Well known directory 'Bin': 'D:\ostad\Mod-2-practice\action-runner\bin'
[2025-05-28 10:13:37Z INFO HostContext] Well known directory 'Root': 'D:\ostad\Mod-2-practice\action-runner'
[2025-05-28 10:13:37Z INFO ConfigurationStore] RootFolder: D:\ostad\Mod-2-practice\action-runner
[2025-05-28 10:13:37Z INFO HostContext] Well known directory 'Bin': 'D:\ostad\Mod-2-practice\action-runner\bin'
[2025-05-28 10:13:37Z INFO HostContext] Well known directory 'Root': 'D:\ostad\Mod-2-practice\action-runner'
[2025-05-28 10:13:37Z INFO HostContext] Well known config file 'Runner': 'D:\ostad\Mod-2-practice\action-runner\.runner'
[2025-05-28 10:13:37Z INFO ConfigurationStore] ConfigFilePath: D:\ostad\Mod-2-practice\action-runner\.runner
[2025-05-28 10:13:37Z INFO HostContext] Well known directory 'Bin': 'D:\ostad\Mod-2-practice\action-runner\bin'
[2025-05-28 10:13:37Z INFO HostContext] Well known directory 'Root': 'D:\ostad\Mod-2-practice\action-runner'
[2025-05-28 10:13:37Z INFO HostContext] Well known config file 'MigratedRunner': 'D:\ostad\Mod-2-practice\action-runner\.runner_migrated'
[2025-05-28 10:13:37Z INFO ConfigurationStore] MigratedConfigFilePath: D:\ostad\Mod-2-practice\action-runner\.runner_migrated
[2025-05-28 10:13:37Z INFO HostContext] Well known directory 'Bin': 'D:\ostad\Mod-2-practice\action-runner\bin'
[2025-05-28 10:13:37Z INFO HostContext] Well known directory 'Root': 'D:\ostad\Mod-2-practice\action-runner'
[2025-05-28 10:13:37Z INFO HostContext] Well known config file 'Credentials': 'D:\ostad\Mod-2-practice\action-runner\.credentials'
[2025-05-28 10:13:37Z INFO ConfigurationStore] CredFilePath: D:\ostad\Mod-2-practice\action-runner\.credentials
[2025-05-28 10:13:37Z INFO HostContext] Well known directory 'Bin': 'D:\ostad\Mod-2-practice\action-runner\bin'
[2025-05-28 10:13:37Z INFO HostContext] Well known directory 'Root': 'D:\ostad\Mod-2-practice\action-runner'
[2025-05-28 10:13:37Z INFO HostContext] Well known config file 'MigratedCredentials': 'D:\ostad\Mod-2-practice\action-runner\.credentials_migrated'
[2025-05-28 10:13:37Z INFO ConfigurationStore] MigratedCredFilePath: D:\ostad\Mod-2-practice\action-runner\.credentials_migrated
[2025-05-28 10:13:37Z INFO HostContext] Well known directory 'Bin': 'D:\ostad\Mod-2-practice\action-runner\bin'
[2025-05-28 10:13:37Z INFO HostContext] Well known directory 'Root': 'D:\ostad\Mod-2-practice\action-runner'
[2025-05-28 10:13:37Z INFO HostContext] Well known config file 'Service': 'D:\ostad\Mod-2-practice\action-runner\.service'
[2025-05-28 10:13:37Z INFO ConfigurationStore] ServiceConfigFilePath: D:\ostad\Mod-2-practice\action-runner\.service
[2025-05-28 10:13:37Z INFO CommandSettings] Flag 'help': 'False'
[2025-05-28 10:13:37Z INFO CommandSettings] Flag 'version': 'False'
[2025-05-28 10:13:37Z INFO CommandSettings] Flag 'commit': 'False'
[2025-05-28 10:13:37Z INFO CommandSettings] Flag 'check': 'False'
[2025-05-28 10:13:37Z INFO CommandSettings] Command 'configure': 'False'
[2025-05-28 10:13:37Z INFO CommandSettings] Command 'remove': 'False'
[2025-05-28 10:13:37Z INFO CommandSettings] Command 'warmup': 'False'
[2025-05-28 10:13:37Z INFO ConfigurationManager] LoadSettings
[2025-05-28 10:13:37Z INFO ConfigurationStore] IsConfigured()
[2025-05-28 10:13:37Z INFO ConfigurationStore] IsConfigured: True
[2025-05-28 10:13:37Z INFO ConfigurationManager] Is configured: True
[2025-05-28 10:13:37Z INFO ConfigurationStore] Read setting file: 316 chars
[2025-05-28 10:13:37Z INFO ConfigurationManager] Settings Loaded
[2025-05-28 10:13:37Z INFO ConfigurationStore] IsServiceConfigured()
[2025-05-28 10:13:37Z INFO ConfigurationStore] IsServiceConfigured: False
[2025-05-28 10:13:37Z INFO CommandSettings] Command 'run': 'True'
[2025-05-28 10:13:37Z INFO ConfigurationStore] IsConfigured()
[2025-05-28 10:13:37Z INFO ConfigurationStore] IsConfigured: True
[2025-05-28 10:13:37Z INFO ConfigurationManager] Is configured: True
[2025-05-28 10:13:37Z INFO Runner] Could not parse the argument value '' for StartupType. Defaulting to Manual
[2025-05-28 10:13:37Z INFO Runner] Set runner startup type - Manual
[2025-05-28 10:13:37Z INFO CommandSettings] Flag 'once': 'False'
[2025-05-28 10:13:37Z INFO CommandSettings] Flag 'once': 'False'
[2025-05-28 10:13:37Z INFO Runner] RunAsync
[2025-05-28 10:13:37Z INFO ConfigurationManager] LoadMigratedSettings
[2025-05-28 10:13:37Z INFO ConfigurationStore] IsMigratedConfigured()
[2025-05-28 10:13:37Z INFO ConfigurationStore] IsMigratedConfigured: False
[2025-05-28 10:13:37Z INFO Runner] Failed to load migrated settings: No migrated configuration found.
[2025-05-28 10:13:37Z INFO Runner] Falling back to original .runner settings
[2025-05-28 10:13:37Z INFO ConfigurationManager] LoadSettings
[2025-05-28 10:13:37Z INFO ConfigurationStore] IsConfigured()
[2025-05-28 10:13:37Z INFO ConfigurationStore] IsConfigured: True
[2025-05-28 10:13:37Z INFO ConfigurationManager] Is configured: True
[2025-05-28 10:13:37Z INFO ConfigurationManager] Settings Loaded
[2025-05-28 10:13:37Z INFO MessageListener] {
  "AgentId": 3,
  "AgentName": "mod2-runner",
  "PoolId": 1,
  "PoolName": "Default",
  "ServerUrl": "https://pipelinesghubeus12.actions.githubusercontent.com/NdInzrDfEVjoThypXGsundHr66eaAWjULIzS6dV5C8i534HUmL/",
  "GitHubUrl": "https://github.com/Eishfaq/Mod2-practice",
  "WorkFolder": "Mod-2-practice"
}
[2025-05-28 10:13:37Z INFO MessageListener] Loading Credentials
[2025-05-28 10:13:37Z INFO ConfigurationStore] HasCredentials()
[2025-05-28 10:13:37Z INFO ConfigurationStore] stored True
[2025-05-28 10:13:37Z INFO CredentialManager] GetCredentialProvider
[2025-05-28 10:13:37Z INFO CredentialManager] Creating type OAuth
[2025-05-28 10:13:37Z INFO CredentialManager] Creating credential type: OAuth
[2025-05-28 10:13:37Z INFO HostContext] Well known directory 'Bin': 'D:\ostad\Mod-2-practice\action-runner\bin'
[2025-05-28 10:13:37Z INFO HostContext] Well known directory 'Root': 'D:\ostad\Mod-2-practice\action-runner'
[2025-05-28 10:13:37Z INFO HostContext] Well known config file 'RSACredentials': 'D:\ostad\Mod-2-practice\action-runner\.credentials_rsaparams'
[2025-05-28 10:13:37Z INFO RSAEncryptedFileKeyManager] Loading RSA key parameters from file D:\ostad\Mod-2-practice\action-runner\.credentials_rsaparams
[2025-05-28 10:13:37Z INFO MessageListener] Attempt to create session.
[2025-05-28 10:13:37Z INFO MessageListener] Connecting to the Runner Server...
[2025-05-28 10:13:37Z INFO RunnerServer] EstablishVssConnection
[2025-05-28 10:13:37Z INFO RunnerServer] Establish connection with 100 seconds timeout.
[2025-05-28 10:13:37Z INFO GitHubActionsService] Starting operation Location.GetConnectionData
[2025-05-28 10:13:37Z INFO RunnerServer] EstablishVssConnection
[2025-05-28 10:13:37Z INFO RunnerServer] Establish connection with 60 seconds timeout.
[2025-05-28 10:13:37Z INFO GitHubActionsService] Starting operation Location.GetConnectionData
[2025-05-28 10:13:37Z INFO RunnerServer] EstablishVssConnection
[2025-05-28 10:13:37Z INFO RunnerServer] Establish connection with 60 seconds timeout.
[2025-05-28 10:13:37Z INFO GitHubActionsService] Starting operation Location.GetConnectionData
[2025-05-28 10:13:38Z INFO GitHubActionsService] Finished operation Location.GetConnectionData
[2025-05-28 10:13:38Z INFO GitHubActionsService] Finished operation Location.GetConnectionData
[2025-05-28 10:13:39Z INFO GitHubActionsService] Finished operation Location.GetConnectionData
[2025-05-28 10:13:39Z INFO MessageListener] VssConnection created
[2025-05-28 10:13:39Z INFO Terminal] WRITE LINE: 
[2025-05-28 10:13:39Z INFO Terminal] WRITE LINE: 
[2025-05-28 10:13:39Z INFO RSAEncryptedFileKeyManager] Loading RSA key parameters from file D:\ostad\Mod-2-practice\action-runner\.credentials_rsaparams
[2025-05-28 10:13:39Z INFO RSAEncryptedFileKeyManager] Loading RSA key parameters from file D:\ostad\Mod-2-practice\action-runner\.credentials_rsaparams
[2025-05-28 10:13:40Z INFO GitHubActionsService] AAD Correlation ID for this token request: Unknown
[2025-05-28 10:13:40Z INFO MessageListener] Session created.
[2025-05-28 10:13:40Z INFO MessageListener] Registering AuthMigrationChanged event handler.
[2025-05-28 10:13:40Z INFO Terminal] WRITE LINE: Current runner version: '2.324.0'
[2025-05-28 10:13:40Z INFO Terminal] WRITE LINE: 2025-05-28 10:13:40Z: Listening for Jobs
[2025-05-28 10:13:40Z INFO JobDispatcher] Set runner/worker IPC timeout to 30 seconds.
[2025-05-28 10:13:41Z INFO ConfigurationStore] HasCredentials()
[2025-05-28 10:13:41Z INFO ConfigurationStore] stored True
[2025-05-28 10:13:41Z INFO CredentialManager] GetCredentialProvider
[2025-05-28 10:13:41Z INFO CredentialManager] Creating type OAuth
[2025-05-28 10:13:41Z INFO CredentialManager] Creating credential type: OAuth
[2025-05-28 10:13:41Z INFO RSAEncryptedFileKeyManager] Loading RSA key parameters from file D:\ostad\Mod-2-practice\action-runner\.credentials_rsaparams
[2025-05-28 10:13:41Z INFO RSAEncryptedFileKeyManager] Loading RSA key parameters from file D:\ostad\Mod-2-practice\action-runner\.credentials_rsaparams
[2025-05-28 10:13:41Z INFO RSAEncryptedFileKeyManager] Loading RSA key parameters from file D:\ostad\Mod-2-practice\action-runner\.credentials_rsaparams
[2025-05-28 10:13:42Z INFO GitHubActionsService] AAD Correlation ID for this token request: Unknown
[2025-05-28 10:14:33Z INFO ConfigurationStore] HasCredentials()
[2025-05-28 10:14:33Z INFO ConfigurationStore] stored True
[2025-05-28 10:14:33Z INFO CredentialManager] GetCredentialProvider
[2025-05-28 10:14:33Z INFO CredentialManager] Creating type OAuth
[2025-05-28 10:14:33Z INFO CredentialManager] Creating credential type: OAuth
[2025-05-28 10:14:33Z INFO RSAEncryptedFileKeyManager] Loading RSA key parameters from file D:\ostad\Mod-2-practice\action-runner\.credentials_rsaparams
[2025-05-28 10:15:24Z INFO ConfigurationStore] HasCredentials()
[2025-05-28 10:15:24Z INFO ConfigurationStore] stored True
[2025-05-28 10:15:24Z INFO CredentialManager] GetCredentialProvider
[2025-05-28 10:15:24Z INFO CredentialManager] Creating type OAuth
[2025-05-28 10:15:24Z INFO CredentialManager] Creating credential type: OAuth
[2025-05-28 10:15:24Z INFO RSAEncryptedFileKeyManager] Loading RSA key parameters from file D:\ostad\Mod-2-practice\action-runner\.credentials_rsaparams
[2025-05-28 10:16:15Z INFO ConfigurationStore] HasCredentials()
[2025-05-28 10:16:15Z INFO ConfigurationStore] stored True
[2025-05-28 10:16:15Z INFO CredentialManager] GetCredentialProvider
[2025-05-28 10:16:15Z INFO CredentialManager] Creating type OAuth
[2025-05-28 10:16:15Z INFO CredentialManager] Creating credential type: OAuth
[2025-05-28 10:16:15Z INFO RSAEncryptedFileKeyManager] Loading RSA key parameters from file D:\ostad\Mod-2-practice\action-runner\.credentials_rsaparams
[2025-05-28 10:17:05Z INFO ConfigurationStore] HasCredentials()
[2025-05-28 10:17:05Z INFO ConfigurationStore] stored True
[2025-05-28 10:17:05Z INFO CredentialManager] GetCredentialProvider
[2025-05-28 10:17:05Z INFO CredentialManager] Creating type OAuth
[2025-05-28 10:17:05Z INFO CredentialManager] Creating credential type: OAuth
[2025-05-28 10:17:05Z INFO RSAEncryptedFileKeyManager] Loading RSA key parameters from file D:\ostad\Mod-2-practice\action-runner\.credentials_rsaparams
[2025-05-28 10:17:54Z INFO MessageListener] Message '4028288572837028080' received from session 'd492e925-06a2-4ae5-80b5-946baa9217aa'.
[2025-05-28 10:17:54Z INFO ConfigurationStore] HasCredentials()
[2025-05-28 10:17:54Z INFO ConfigurationStore] stored True
[2025-05-28 10:17:54Z INFO CredentialManager] GetCredentialProvider
[2025-05-28 10:17:54Z INFO CredentialManager] Creating type OAuth
[2025-05-28 10:17:54Z INFO CredentialManager] Creating credential type: OAuth
[2025-05-28 10:17:54Z INFO RSAEncryptedFileKeyManager] Loading RSA key parameters from file D:\ostad\Mod-2-practice\action-runner\.credentials_rsaparams
[2025-05-28 10:17:54Z INFO RSAEncryptedFileKeyManager] Loading RSA key parameters from file D:\ostad\Mod-2-practice\action-runner\.credentials_rsaparams
[2025-05-28 10:17:54Z INFO RSAEncryptedFileKeyManager] Loading RSA key parameters from file D:\ostad\Mod-2-practice\action-runner\.credentials_rsaparams
[2025-05-28 10:17:55Z INFO GitHubActionsService] AAD Correlation ID for this token request: Unknown
[2025-05-28 10:17:57Z INFO JobDispatcher] Job request 0 for plan 606ea1c3-7434-4513-a419-af0ca6bfadfc job f57d987a-20af-5234-8cf9-7a68aaff474c received.
[2025-05-28 10:17:57Z INFO MessageListener] Received job status event. JobState: Busy
[2025-05-28 10:17:57Z INFO MessageListener] _getMessagesTokenSource is already disposed.
[2025-05-28 10:17:57Z INFO Terminal] WRITE LINE: 2025-05-28 10:17:57Z: Running job: read-file
[2025-05-28 10:17:57Z INFO JobDispatcher] Start renew job request 0 for job f57d987a-20af-5234-8cf9-7a68aaff474c.
[2025-05-28 10:17:58Z INFO JobDispatcher] Successfully renew job f57d987a-20af-5234-8cf9-7a68aaff474c, job is valid till 5/28/2025 10:27:58 AM
[2025-05-28 10:17:58Z INFO HostContext] Well known directory 'Bin': 'D:\ostad\Mod-2-practice\action-runner\bin'
[2025-05-28 10:17:58Z INFO ProcessInvokerWrapper] Starting process:
[2025-05-28 10:17:58Z INFO ProcessInvokerWrapper]   File name: 'D:\ostad\Mod-2-practice\action-runner\bin\Runner.Worker.exe'
[2025-05-28 10:17:58Z INFO ProcessInvokerWrapper]   Arguments: 'spawnclient 1484 1620'
[2025-05-28 10:17:58Z INFO ProcessInvokerWrapper]   Working directory: 'D:\ostad\Mod-2-practice\action-runner\bin'
[2025-05-28 10:17:58Z INFO ProcessInvokerWrapper]   Require exit code zero: 'False'
[2025-05-28 10:17:58Z INFO ProcessInvokerWrapper]   Encoding web name:  ; code page: ''
[2025-05-28 10:17:58Z INFO ProcessInvokerWrapper]   Force kill process on cancellation: 'True'
[2025-05-28 10:17:58Z INFO ProcessInvokerWrapper]   Redirected STDIN: 'False'
[2025-05-28 10:17:58Z INFO ProcessInvokerWrapper]   Persist current code page: 'False'
[2025-05-28 10:17:58Z INFO ProcessInvokerWrapper]   Keep redirected STDIN open: 'False'
[2025-05-28 10:17:58Z INFO ProcessInvokerWrapper]   High priority process: 'True'
[2025-05-28 10:17:58Z INFO ProcessInvokerWrapper] Process started with process id 25168, waiting for process exit.
[2025-05-28 10:17:58Z INFO JobDispatcher] Send job request message to worker for job f57d987a-20af-5234-8cf9-7a68aaff474c.
[2025-05-28 10:17:58Z INFO ProcessChannel] Sending message of length 18323, with hash 'b32f4c351b1fab47e0fed007bc5f053adb735c1b708ac44c0a431c2c7fd2fe42'
[2025-05-28 10:17:58Z INFO JobNotification] Entering JobStarted Notification
[2025-05-28 10:17:58Z INFO JobNotification] Entering StartMonitor
[2025-05-28 10:17:58Z INFO ConfigurationStore] HasCredentials()
[2025-05-28 10:17:58Z INFO ConfigurationStore] stored True
[2025-05-28 10:17:58Z INFO CredentialManager] GetCredentialProvider
[2025-05-28 10:17:58Z INFO CredentialManager] Creating type OAuth
[2025-05-28 10:17:58Z INFO CredentialManager] Creating credential type: OAuth
[2025-05-28 10:17:58Z INFO RSAEncryptedFileKeyManager] Loading RSA key parameters from file D:\ostad\Mod-2-practice\action-runner\.credentials_rsaparams
[2025-05-28 10:18:49Z INFO ConfigurationStore] HasCredentials()
[2025-05-28 10:18:49Z INFO ConfigurationStore] stored True
[2025-05-28 10:18:49Z INFO CredentialManager] GetCredentialProvider
[2025-05-28 10:18:49Z INFO CredentialManager] Creating type OAuth
[2025-05-28 10:18:49Z INFO CredentialManager] Creating credential type: OAuth
[2025-05-28 10:18:49Z INFO RSAEncryptedFileKeyManager] Loading RSA key parameters from file D:\ostad\Mod-2-practice\action-runner\.credentials_rsaparams
[2025-05-28 10:18:58Z INFO JobDispatcher] Successfully renew job f57d987a-20af-5234-8cf9-7a68aaff474c, job is valid till 5/28/2025 10:28:58 AM
[2025-05-28 10:19:40Z INFO ConfigurationStore] HasCredentials()
[2025-05-28 10:19:40Z INFO ConfigurationStore] stored True
[2025-05-28 10:19:40Z INFO CredentialManager] GetCredentialProvider
[2025-05-28 10:19:40Z INFO CredentialManager] Creating type OAuth
[2025-05-28 10:19:40Z INFO CredentialManager] Creating credential type: OAuth
[2025-05-28 10:19:40Z INFO RSAEncryptedFileKeyManager] Loading RSA key parameters from file D:\ostad\Mod-2-practice\action-runner\.credentials_rsaparams
[2025-05-28 10:19:58Z INFO JobDispatcher] Successfully renew job f57d987a-20af-5234-8cf9-7a68aaff474c, job is valid till 5/28/2025 10:29:58 AM
[2025-05-28 10:20:30Z INFO ConfigurationStore] HasCredentials()
[2025-05-28 10:20:30Z INFO ConfigurationStore] stored True
[2025-05-28 10:20:30Z INFO CredentialManager] GetCredentialProvider
[2025-05-28 10:20:30Z INFO CredentialManager] Creating type OAuth
[2025-05-28 10:20:30Z INFO CredentialManager] Creating credential type: OAuth
[2025-05-28 10:20:30Z INFO RSAEncryptedFileKeyManager] Loading RSA key parameters from file D:\ostad\Mod-2-practice\action-runner\.credentials_rsaparams
[2025-05-28 10:20:59Z INFO JobDispatcher] Successfully renew job f57d987a-20af-5234-8cf9-7a68aaff474c, job is valid till 5/28/2025 10:30:59 AM
[2025-05-28 10:21:21Z INFO ConfigurationStore] HasCredentials()
[2025-05-28 10:21:21Z INFO ConfigurationStore] stored True
[2025-05-28 10:21:21Z INFO CredentialManager] GetCredentialProvider
[2025-05-28 10:21:21Z INFO CredentialManager] Creating type OAuth
[2025-05-28 10:21:21Z INFO CredentialManager] Creating credential type: OAuth
[2025-05-28 10:21:21Z INFO RSAEncryptedFileKeyManager] Loading RSA key parameters from file D:\ostad\Mod-2-practice\action-runner\.credentials_rsaparams
[2025-05-28 10:21:43Z INFO ProcessInvokerWrapper] STDOUT/STDERR stream read finished.
[2025-05-28 10:21:43Z INFO ProcessInvokerWrapper] STDOUT/STDERR stream read finished.
[2025-05-28 10:21:43Z INFO ProcessInvokerWrapper] Finished process 25168 with exit code 102, and elapsed time 00:03:44.8389537.
[2025-05-28 10:21:43Z INFO JobDispatcher] Worker finished for job f57d987a-20af-5234-8cf9-7a68aaff474c. Code: 102
[2025-05-28 10:21:43Z INFO JobDispatcher] finish job request for job f57d987a-20af-5234-8cf9-7a68aaff474c with result: Failed
[2025-05-28 10:21:43Z INFO Terminal] WRITE LINE: 2025-05-28 10:21:43Z: Job read-file completed with result: Failed
[2025-05-28 10:21:43Z INFO JobDispatcher] Stop renew job request for job f57d987a-20af-5234-8cf9-7a68aaff474c.
[2025-05-28 10:21:43Z INFO JobDispatcher] job renew has been cancelled, stop renew job f57d987a-20af-5234-8cf9-7a68aaff474c.
[2025-05-28 10:21:43Z INFO JobNotification] Entering JobCompleted Notification
[2025-05-28 10:21:43Z INFO JobNotification] Entering EndMonitor
[2025-05-28 10:21:43Z INFO MessageListener] Received job status event. JobState: Online
